<?xml version="1.0" encoding="UTF-8"?>
<coverage generated="1687990258141" clover="3.2.0">
  <project timestamp="1687990258142" name="All files">
    <metrics statements="148" coveredstatements="125" conditionals="201" coveredconditionals="153" methods="50" coveredmethods="37" elements="399" coveredelements="315" complexity="0" loc="148" ncloc="148" packages="1" files="5" classes="5"/>
    <file name="SorobanContext.js" path="E:\soroban-react-testing-4\packages\core\dist\SorobanContext.js">
      <metrics statements="32" coveredstatements="26" conditionals="46" coveredconditionals="33" methods="17" coveredmethods="11"/>
      <line num="2" count="4" type="cond" truecount="4" falsecount="1"/>
      <line num="3" count="1" type="cond" truecount="1" falsecount="1"/>
      <line num="4" count="1" type="stmt"/>
      <line num="5" count="1" type="cond" truecount="5" falsecount="3"/>
      <line num="6" count="1" type="stmt"/>
      <line num="8" count="1" type="stmt"/>
      <line num="10" count="0" type="cond" truecount="0" falsecount="2"/>
      <line num="11" count="0" type="stmt"/>
      <line num="13" count="4" type="cond" truecount="4" falsecount="1"/>
      <line num="14" count="1" type="stmt"/>
      <line num="16" count="0" type="stmt"/>
      <line num="18" count="4" type="cond" truecount="3" falsecount="0"/>
      <line num="19" count="4" type="cond" truecount="4" falsecount="0"/>
      <line num="20" count="1" type="stmt"/>
      <line num="21" count="1" type="cond" truecount="4" falsecount="2"/>
      <line num="22" count="1" type="stmt"/>
      <line num="23" count="1" type="stmt"/>
      <line num="25" count="4" type="cond" truecount="3" falsecount="0"/>
      <line num="26" count="0" type="cond" truecount="0" falsecount="2"/>
      <line num="27" count="2" type="cond" truecount="2" falsecount="0"/>
      <line num="28" count="0" type="stmt"/>
      <line num="29" count="0" type="stmt"/>
      <line num="30" count="2" type="cond" truecount="1" falsecount="1"/>
      <line num="31" count="2" type="cond" truecount="2" falsecount="0"/>
      <line num="34" count="4" type="stmt"/>
      <line num="35" count="4" type="stmt"/>
      <line num="36" count="4" type="stmt"/>
      <line num="37" count="4" type="stmt"/>
      <line num="38" count="4" type="stmt"/>
      <line num="44" count="1" type="stmt"/>
      <line num="47" count="1" type="stmt"/>
      <line num="50" count="4" type="stmt"/>
    </file>
    <file name="SorobanReactProvider.js" path="E:\soroban-react-testing-4\packages\core\dist\SorobanReactProvider.js">
      <metrics statements="85" coveredstatements="70" conditionals="129" coveredconditionals="102" methods="27" coveredmethods="21"/>
      <line num="2" count="2" type="cond" truecount="4" falsecount="1"/>
      <line num="3" count="57" type="cond" truecount="1" falsecount="1"/>
      <line num="4" count="57" type="stmt"/>
      <line num="5" count="57" type="cond" truecount="5" falsecount="3"/>
      <line num="6" count="57" type="stmt"/>
      <line num="8" count="57" type="stmt"/>
      <line num="10" count="0" type="cond" truecount="0" falsecount="2"/>
      <line num="11" count="0" type="stmt"/>
      <line num="13" count="2" type="cond" truecount="4" falsecount="1"/>
      <line num="14" count="3" type="stmt"/>
      <line num="16" count="0" type="stmt"/>
      <line num="18" count="2" type="cond" truecount="3" falsecount="0"/>
      <line num="19" count="4" type="cond" truecount="4" falsecount="0"/>
      <line num="20" count="3" type="stmt"/>
      <line num="21" count="57" type="cond" truecount="4" falsecount="2"/>
      <line num="22" count="3" type="stmt"/>
      <line num="23" count="3" type="stmt"/>
      <line num="25" count="2" type="cond" truecount="3" falsecount="0"/>
      <line num="26" count="8" type="cond" truecount="1" falsecount="1"/>
      <line num="27" count="12" type="cond" truecount="2" falsecount="0"/>
      <line num="28" count="8" type="stmt"/>
      <line num="29" count="0" type="stmt"/>
      <line num="30" count="20" type="cond" truecount="2" falsecount="0"/>
      <line num="31" count="12" type="cond" truecount="2" falsecount="0"/>
      <line num="34" count="2" type="stmt"/>
      <line num="35" count="2" type="stmt"/>
      <line num="36" count="2" type="stmt"/>
      <line num="37" count="2" type="stmt"/>
      <line num="38" count="2" type="stmt"/>
      <line num="41" count="2" type="cond" truecount="2" falsecount="0"/>
      <line num="42" count="2" type="cond" truecount="3" falsecount="1"/>
      <line num="43" count="2" type="cond" truecount="2" falsecount="0"/>
      <line num="51" count="2" type="stmt"/>
      <line num="54" count="7" type="cond" truecount="2" falsecount="0"/>
      <line num="55" count="7" type="stmt"/>
      <line num="56" count="7" type="stmt"/>
      <line num="60" count="5" type="cond" truecount="2" falsecount="0"/>
      <line num="62" count="5" type="stmt"/>
      <line num="63" count="5" type="cond" truecount="3" falsecount="1"/>
      <line num="64" count="5" type="cond" truecount="5" falsecount="1"/>
      <line num="65" count="4" type="stmt"/>
      <line num="66" count="4" type="stmt"/>
      <line num="68" count="1" type="stmt"/>
      <line num="69" count="1" type="cond" truecount="3" falsecount="1"/>
      <line num="70" count="1" type="cond" truecount="2" falsecount="0"/>
      <line num="75" count="1" type="stmt"/>
      <line num="76" count="1" type="stmt"/>
      <line num="81" count="0" type="stmt"/>
      <line num="82" count="0" type="stmt"/>
      <line num="86" count="7" type="stmt"/>
      <line num="87" count="7" type="stmt"/>
      <line num="88" count="7" type="stmt"/>
      <line num="91" count="7" type="stmt"/>
      <line num="93" count="7" type="cond" truecount="6" falsecount="0"/>
      <line num="97" count="6" type="stmt"/>
      <line num="98" count="1" type="stmt"/>
      <line num="99" count="1" type="stmt"/>
      <line num="100" count="1" type="cond" truecount="3" falsecount="1"/>
      <line num="101" count="1" type="cond" truecount="3" falsecount="1"/>
      <line num="102" count="1" type="cond" truecount="1" falsecount="1"/>
      <line num="103" count="0" type="stmt"/>
      <line num="104" count="0" type="stmt"/>
      <line num="105" count="0" type="stmt"/>
      <line num="106" count="0" type="stmt"/>
      <line num="108" count="1" type="cond" truecount="1" falsecount="1"/>
      <line num="110" count="0" type="stmt"/>
      <line num="111" count="0" type="stmt"/>
      <line num="112" count="0" type="stmt"/>
      <line num="113" count="0" type="stmt"/>
      <line num="117" count="0" type="stmt"/>
      <line num="120" count="1" type="cond" truecount="1" falsecount="1"/>
      <line num="121" count="1" type="stmt"/>
      <line num="125" count="7" type="stmt"/>
      <line num="126" count="7" type="stmt"/>
      <line num="127" count="7" type="cond" truecount="2" falsecount="0"/>
      <line num="128" count="1" type="stmt"/>
      <line num="131" count="7" type="stmt"/>
      <line num="133" count="7" type="cond" truecount="2" falsecount="0"/>
      <line num="134" count="1" type="stmt"/>
      <line num="135" count="6" type="cond" truecount="2" falsecount="0"/>
      <line num="136" count="1" type="stmt"/>
      <line num="137" count="5" type="cond" truecount="3" falsecount="1"/>
      <line num="139" count="5" type="stmt"/>
      <line num="146" count="7" type="stmt"/>
      <line num="148" count="2" type="stmt"/>
    </file>
    <file name="getDefaultConnectors.js" path="E:\soroban-react-testing-4\packages\core\dist\getDefaultConnectors.js">
      <metrics statements="7" coveredstatements="7" conditionals="0" coveredconditionals="0" methods="1" coveredmethods="1"/>
      <line num="2" count="3" type="stmt"/>
      <line num="3" count="3" type="stmt"/>
      <line num="4" count="3" type="stmt"/>
      <line num="5" count="3" type="stmt"/>
      <line num="6" count="3" type="stmt"/>
      <line num="7" count="3" type="stmt"/>
      <line num="9" count="3" type="stmt"/>
    </file>
    <file name="index.js" path="E:\soroban-react-testing-4\packages\core\dist\index.js">
      <metrics statements="15" coveredstatements="13" conditionals="24" coveredconditionals="16" methods="4" coveredmethods="3"/>
      <line num="2" count="2" type="cond" truecount="4" falsecount="1"/>
      <line num="3" count="10" type="cond" truecount="1" falsecount="1"/>
      <line num="4" count="10" type="stmt"/>
      <line num="5" count="10" type="cond" truecount="5" falsecount="3"/>
      <line num="6" count="18" type="stmt"/>
      <line num="8" count="10" type="stmt"/>
      <line num="10" count="0" type="cond" truecount="0" falsecount="2"/>
      <line num="11" count="0" type="stmt"/>
      <line num="13" count="2" type="cond" truecount="3" falsecount="0"/>
      <line num="14" count="10" type="cond" truecount="3" falsecount="1"/>
      <line num="16" count="2" type="stmt"/>
      <line num="17" count="2" type="stmt"/>
      <line num="18" count="2" type="stmt"/>
      <line num="19" count="2" type="stmt"/>
      <line num="20" count="2" type="stmt"/>
    </file>
    <file name="useSorobanReact.js" path="E:\soroban-react-testing-4\packages\core\dist\useSorobanReact.js">
      <metrics statements="9" coveredstatements="9" conditionals="2" coveredconditionals="2" methods="1" coveredmethods="1"/>
      <line num="2" count="3" type="stmt"/>
      <line num="3" count="3" type="stmt"/>
      <line num="4" count="3" type="stmt"/>
      <line num="5" count="3" type="stmt"/>
      <line num="7" count="2" type="stmt"/>
      <line num="8" count="2" type="cond" truecount="2" falsecount="0"/>
      <line num="9" count="1" type="stmt"/>
      <line num="10" count="1" type="stmt"/>
      <line num="12" count="3" type="stmt"/>
    </file>
  </project>
</coverage>
