{"C:\\Users\\herts\\OneDrive\\Escritorio\\proyectos\\soroban-react\\packages\\core\\dist\\SorobanContext.js": {"path":"C:\\Users\\herts\\OneDrive\\Escritorio\\proyectos\\soroban-react\\packages\\core\\dist\\SorobanContext.js","statementMap":{"0":{"start":{"line":2,"column":22},"end":{"line":12,"column":3}},"1":{"start":{"line":3,"column":4},"end":{"line":3,"column":33}},"2":{"start":{"line":3,"column":26},"end":{"line":3,"column":33}},"3":{"start":{"line":4,"column":15},"end":{"line":4,"column":52}},"4":{"start":{"line":5,"column":4},"end":{"line":7,"column":5}},"5":{"start":{"line":6,"column":6},"end":{"line":6,"column":68}},"6":{"start":{"line":6,"column":51},"end":{"line":6,"column":63}},"7":{"start":{"line":8,"column":4},"end":{"line":8,"column":39}},"8":{"start":{"line":10,"column":4},"end":{"line":10,"column":33}},"9":{"start":{"line":10,"column":26},"end":{"line":10,"column":33}},"10":{"start":{"line":11,"column":4},"end":{"line":11,"column":17}},"11":{"start":{"line":13,"column":25},"end":{"line":17,"column":2}},"12":{"start":{"line":14,"column":4},"end":{"line":14,"column":72}},"13":{"start":{"line":16,"column":4},"end":{"line":16,"column":21}},"14":{"start":{"line":18,"column":19},"end":{"line":24,"column":1}},"15":{"start":{"line":19,"column":4},"end":{"line":19,"column":42}},"16":{"start":{"line":19,"column":31},"end":{"line":19,"column":42}},"17":{"start":{"line":20,"column":17},"end":{"line":20,"column":19}},"18":{"start":{"line":21,"column":4},"end":{"line":21,"column":141}},"19":{"start":{"line":21,"column":21},"end":{"line":21,"column":141}},"20":{"start":{"line":21,"column":40},"end":{"line":21,"column":141}},"21":{"start":{"line":21,"column":109},"end":{"line":21,"column":141}},"22":{"start":{"line":22,"column":4},"end":{"line":22,"column":36}},"23":{"start":{"line":23,"column":4},"end":{"line":23,"column":18}},"24":{"start":{"line":25,"column":16},"end":{"line":33,"column":1}},"25":{"start":{"line":26,"column":28},"end":{"line":26,"column":110}},"26":{"start":{"line":26,"column":91},"end":{"line":26,"column":106}},"27":{"start":{"line":27,"column":4},"end":{"line":32,"column":7}},"28":{"start":{"line":28,"column":36},"end":{"line":28,"column":97}},"29":{"start":{"line":28,"column":42},"end":{"line":28,"column":70}},"30":{"start":{"line":28,"column":85},"end":{"line":28,"column":95}},"31":{"start":{"line":29,"column":35},"end":{"line":29,"column":100}},"32":{"start":{"line":29,"column":41},"end":{"line":29,"column":73}},"33":{"start":{"line":29,"column":88},"end":{"line":29,"column":98}},"34":{"start":{"line":30,"column":32},"end":{"line":30,"column":116}},"35":{"start":{"line":31,"column":8},"end":{"line":31,"column":78}},"36":{"start":{"line":34,"column":0},"end":{"line":34,"column":62}},"37":{"start":{"line":35,"column":0},"end":{"line":35,"column":64}},"38":{"start":{"line":36,"column":16},"end":{"line":36,"column":32}},"39":{"start":{"line":37,"column":22},"end":{"line":37,"column":61}},"40":{"start":{"line":38,"column":0},"end":{"line":49,"column":2}},"41":{"start":{"line":44,"column":8},"end":{"line":44,"column":65}},"42":{"start":{"line":47,"column":8},"end":{"line":47,"column":65}},"43":{"start":{"line":50,"column":0},"end":{"line":50,"column":63}}},"fnMap":{"0":{"name":"(anonymous_0)","decl":{"start":{"line":2,"column":74},"end":{"line":2,"column":75}},"loc":{"start":{"line":2,"column":96},"end":{"line":9,"column":1}},"line":2},"1":{"name":"(anonymous_1)","decl":{"start":{"line":6,"column":38},"end":{"line":6,"column":39}},"loc":{"start":{"line":6,"column":49},"end":{"line":6,"column":65}},"line":6},"2":{"name":"(anonymous_2)","decl":{"start":{"line":9,"column":6},"end":{"line":9,"column":7}},"loc":{"start":{"line":9,"column":28},"end":{"line":12,"column":1}},"line":9},"3":{"name":"(anonymous_3)","decl":{"start":{"line":13,"column":80},"end":{"line":13,"column":81}},"loc":{"start":{"line":13,"column":95},"end":{"line":15,"column":1}},"line":13},"4":{"name":"(anonymous_4)","decl":{"start":{"line":15,"column":5},"end":{"line":15,"column":6}},"loc":{"start":{"line":15,"column":20},"end":{"line":17,"column":1}},"line":15},"5":{"name":"(anonymous_5)","decl":{"start":{"line":18,"column":50},"end":{"line":18,"column":51}},"loc":{"start":{"line":18,"column":65},"end":{"line":24,"column":1}},"line":18},"6":{"name":"(anonymous_6)","decl":{"start":{"line":25,"column":44},"end":{"line":25,"column":45}},"loc":{"start":{"line":25,"column":89},"end":{"line":33,"column":1}},"line":25},"7":{"name":"adopt","decl":{"start":{"line":26,"column":13},"end":{"line":26,"column":18}},"loc":{"start":{"line":26,"column":26},"end":{"line":26,"column":112}},"line":26},"8":{"name":"(anonymous_8)","decl":{"start":{"line":26,"column":70},"end":{"line":26,"column":71}},"loc":{"start":{"line":26,"column":89},"end":{"line":26,"column":108}},"line":26},"9":{"name":"(anonymous_9)","decl":{"start":{"line":27,"column":36},"end":{"line":27,"column":37}},"loc":{"start":{"line":27,"column":63},"end":{"line":32,"column":5}},"line":27},"10":{"name":"fulfilled","decl":{"start":{"line":28,"column":17},"end":{"line":28,"column":26}},"loc":{"start":{"line":28,"column":34},"end":{"line":28,"column":99}},"line":28},"11":{"name":"rejected","decl":{"start":{"line":29,"column":17},"end":{"line":29,"column":25}},"loc":{"start":{"line":29,"column":33},"end":{"line":29,"column":102}},"line":29},"12":{"name":"step","decl":{"start":{"line":30,"column":17},"end":{"line":30,"column":21}},"loc":{"start":{"line":30,"column":30},"end":{"line":30,"column":118}},"line":30},"13":{"name":"(anonymous_13)","decl":{"start":{"line":43,"column":4},"end":{"line":43,"column":5}},"loc":{"start":{"line":43,"column":14},"end":{"line":45,"column":5}},"line":43},"14":{"name":"(anonymous_14)","decl":{"start":{"line":44,"column":47},"end":{"line":44,"column":48}},"loc":{"start":{"line":44,"column":60},"end":{"line":44,"column":63}},"line":44},"15":{"name":"(anonymous_15)","decl":{"start":{"line":46,"column":4},"end":{"line":46,"column":5}},"loc":{"start":{"line":46,"column":17},"end":{"line":48,"column":5}},"line":46},"16":{"name":"(anonymous_16)","decl":{"start":{"line":47,"column":47},"end":{"line":47,"column":48}},"loc":{"start":{"line":47,"column":60},"end":{"line":47,"column":63}},"line":47}},"branchMap":{"0":{"loc":{"start":{"line":2,"column":22},"end":{"line":12,"column":3}},"type":"binary-expr","locations":[{"start":{"line":2,"column":23},"end":{"line":2,"column":27}},{"start":{"line":2,"column":31},"end":{"line":2,"column":51}},{"start":{"line":2,"column":57},"end":{"line":12,"column":2}}],"line":2},"1":{"loc":{"start":{"line":2,"column":57},"end":{"line":12,"column":2}},"type":"cond-expr","locations":[{"start":{"line":2,"column":74},"end":{"line":9,"column":1}},{"start":{"line":9,"column":6},"end":{"line":12,"column":1}}],"line":2},"2":{"loc":{"start":{"line":3,"column":4},"end":{"line":3,"column":33}},"type":"if","locations":[{"start":{"line":3,"column":4},"end":{"line":3,"column":33}},{"start":{},"end":{}}],"line":3},"3":{"loc":{"start":{"line":5,"column":4},"end":{"line":7,"column":5}},"type":"if","locations":[{"start":{"line":5,"column":4},"end":{"line":7,"column":5}},{"start":{},"end":{}}],"line":5},"4":{"loc":{"start":{"line":5,"column":8},"end":{"line":5,"column":85}},"type":"binary-expr","locations":[{"start":{"line":5,"column":8},"end":{"line":5,"column":13}},{"start":{"line":5,"column":18},"end":{"line":5,"column":84}}],"line":5},"5":{"loc":{"start":{"line":5,"column":18},"end":{"line":5,"column":84}},"type":"cond-expr","locations":[{"start":{"line":5,"column":34},"end":{"line":5,"column":47}},{"start":{"line":5,"column":50},"end":{"line":5,"column":84}}],"line":5},"6":{"loc":{"start":{"line":5,"column":50},"end":{"line":5,"column":84}},"type":"binary-expr","locations":[{"start":{"line":5,"column":50},"end":{"line":5,"column":63}},{"start":{"line":5,"column":67},"end":{"line":5,"column":84}}],"line":5},"7":{"loc":{"start":{"line":10,"column":4},"end":{"line":10,"column":33}},"type":"if","locations":[{"start":{"line":10,"column":4},"end":{"line":10,"column":33}},{"start":{},"end":{}}],"line":10},"8":{"loc":{"start":{"line":13,"column":25},"end":{"line":17,"column":2}},"type":"binary-expr","locations":[{"start":{"line":13,"column":26},"end":{"line":13,"column":30}},{"start":{"line":13,"column":34},"end":{"line":13,"column":57}},{"start":{"line":13,"column":63},"end":{"line":17,"column":1}}],"line":13},"9":{"loc":{"start":{"line":13,"column":63},"end":{"line":17,"column":1}},"type":"cond-expr","locations":[{"start":{"line":13,"column":80},"end":{"line":15,"column":1}},{"start":{"line":15,"column":5},"end":{"line":17,"column":1}}],"line":13},"10":{"loc":{"start":{"line":18,"column":19},"end":{"line":24,"column":1}},"type":"binary-expr","locations":[{"start":{"line":18,"column":20},"end":{"line":18,"column":24}},{"start":{"line":18,"column":28},"end":{"line":18,"column":45}},{"start":{"line":18,"column":50},"end":{"line":24,"column":1}}],"line":18},"11":{"loc":{"start":{"line":19,"column":4},"end":{"line":19,"column":42}},"type":"if","locations":[{"start":{"line":19,"column":4},"end":{"line":19,"column":42}},{"start":{},"end":{}}],"line":19},"12":{"loc":{"start":{"line":19,"column":8},"end":{"line":19,"column":29}},"type":"binary-expr","locations":[{"start":{"line":19,"column":8},"end":{"line":19,"column":11}},{"start":{"line":19,"column":15},"end":{"line":19,"column":29}}],"line":19},"13":{"loc":{"start":{"line":21,"column":4},"end":{"line":21,"column":141}},"type":"if","locations":[{"start":{"line":21,"column":4},"end":{"line":21,"column":141}},{"start":{},"end":{}}],"line":21},"14":{"loc":{"start":{"line":21,"column":40},"end":{"line":21,"column":141}},"type":"if","locations":[{"start":{"line":21,"column":40},"end":{"line":21,"column":141}},{"start":{},"end":{}}],"line":21},"15":{"loc":{"start":{"line":21,"column":44},"end":{"line":21,"column":107}},"type":"binary-expr","locations":[{"start":{"line":21,"column":44},"end":{"line":21,"column":59}},{"start":{"line":21,"column":63},"end":{"line":21,"column":107}}],"line":21},"16":{"loc":{"start":{"line":25,"column":16},"end":{"line":33,"column":1}},"type":"binary-expr","locations":[{"start":{"line":25,"column":17},"end":{"line":25,"column":21}},{"start":{"line":25,"column":25},"end":{"line":25,"column":39}},{"start":{"line":25,"column":44},"end":{"line":33,"column":1}}],"line":25},"17":{"loc":{"start":{"line":26,"column":35},"end":{"line":26,"column":109}},"type":"cond-expr","locations":[{"start":{"line":26,"column":56},"end":{"line":26,"column":61}},{"start":{"line":26,"column":64},"end":{"line":26,"column":109}}],"line":26},"18":{"loc":{"start":{"line":27,"column":16},"end":{"line":27,"column":34}},"type":"binary-expr","locations":[{"start":{"line":27,"column":16},"end":{"line":27,"column":17}},{"start":{"line":27,"column":22},"end":{"line":27,"column":33}}],"line":27},"19":{"loc":{"start":{"line":30,"column":32},"end":{"line":30,"column":115}},"type":"cond-expr","locations":[{"start":{"line":30,"column":46},"end":{"line":30,"column":67}},{"start":{"line":30,"column":70},"end":{"line":30,"column":115}}],"line":30},"20":{"loc":{"start":{"line":31,"column":51},"end":{"line":31,"column":67}},"type":"binary-expr","locations":[{"start":{"line":31,"column":51},"end":{"line":31,"column":61}},{"start":{"line":31,"column":65},"end":{"line":31,"column":67}}],"line":31}},"s":{"0":4,"1":1,"2":1,"3":1,"4":1,"5":1,"6":1,"7":1,"8":0,"9":0,"10":0,"11":4,"12":1,"13":0,"14":4,"15":4,"16":3,"17":1,"18":1,"19":1,"20":1,"21":1,"22":1,"23":1,"24":4,"25":0,"26":0,"27":2,"28":0,"29":0,"30":0,"31":0,"32":0,"33":0,"34":2,"35":2,"36":4,"37":4,"38":4,"39":4,"40":4,"41":1,"42":1,"43":4},"f":{"0":1,"1":1,"2":0,"3":1,"4":0,"5":4,"6":2,"7":0,"8":0,"9":2,"10":0,"11":0,"12":2,"13":1,"14":1,"15":1,"16":1},"b":{"0":[4,4,4],"1":[4,0],"2":[1,0],"3":[1,0],"4":[1,1],"5":[0,1],"6":[1,0],"7":[0,0],"8":[4,4,4],"9":[4,0],"10":[4,4,4],"11":[3,1],"12":[4,4],"13":[1,0],"14":[1,0],"15":[1,1],"16":[4,4,4],"17":[0,0],"18":[2,2],"19":[2,0],"20":[2,2]},"_coverageSchema":"1a1c01bbd47fc00a2c39e90264f33305004495a9","hash":"0a7632a735b48a4904851601b44994b4f5e0095e"}
,"C:\\Users\\herts\\OneDrive\\Escritorio\\proyectos\\soroban-react\\packages\\core\\dist\\SorobanReactProvider.js": {"path":"C:\\Users\\herts\\OneDrive\\Escritorio\\proyectos\\soroban-react\\packages\\core\\dist\\SorobanReactProvider.js","statementMap":{"0":{"start":{"line":2,"column":22},"end":{"line":12,"column":3}},"1":{"start":{"line":3,"column":4},"end":{"line":3,"column":33}},"2":{"start":{"line":3,"column":26},"end":{"line":3,"column":33}},"3":{"start":{"line":4,"column":15},"end":{"line":4,"column":52}},"4":{"start":{"line":5,"column":4},"end":{"line":7,"column":5}},"5":{"start":{"line":6,"column":6},"end":{"line":6,"column":68}},"6":{"start":{"line":6,"column":51},"end":{"line":6,"column":63}},"7":{"start":{"line":8,"column":4},"end":{"line":8,"column":39}},"8":{"start":{"line":10,"column":4},"end":{"line":10,"column":33}},"9":{"start":{"line":10,"column":26},"end":{"line":10,"column":33}},"10":{"start":{"line":11,"column":4},"end":{"line":11,"column":17}},"11":{"start":{"line":13,"column":25},"end":{"line":17,"column":2}},"12":{"start":{"line":14,"column":4},"end":{"line":14,"column":72}},"13":{"start":{"line":16,"column":4},"end":{"line":16,"column":21}},"14":{"start":{"line":18,"column":19},"end":{"line":24,"column":1}},"15":{"start":{"line":19,"column":4},"end":{"line":19,"column":42}},"16":{"start":{"line":19,"column":31},"end":{"line":19,"column":42}},"17":{"start":{"line":20,"column":17},"end":{"line":20,"column":19}},"18":{"start":{"line":21,"column":4},"end":{"line":21,"column":141}},"19":{"start":{"line":21,"column":21},"end":{"line":21,"column":141}},"20":{"start":{"line":21,"column":40},"end":{"line":21,"column":141}},"21":{"start":{"line":21,"column":109},"end":{"line":21,"column":141}},"22":{"start":{"line":22,"column":4},"end":{"line":22,"column":36}},"23":{"start":{"line":23,"column":4},"end":{"line":23,"column":18}},"24":{"start":{"line":25,"column":16},"end":{"line":33,"column":1}},"25":{"start":{"line":26,"column":28},"end":{"line":26,"column":110}},"26":{"start":{"line":26,"column":91},"end":{"line":26,"column":106}},"27":{"start":{"line":27,"column":4},"end":{"line":32,"column":7}},"28":{"start":{"line":28,"column":36},"end":{"line":28,"column":97}},"29":{"start":{"line":28,"column":42},"end":{"line":28,"column":70}},"30":{"start":{"line":28,"column":85},"end":{"line":28,"column":95}},"31":{"start":{"line":29,"column":35},"end":{"line":29,"column":100}},"32":{"start":{"line":29,"column":41},"end":{"line":29,"column":73}},"33":{"start":{"line":29,"column":88},"end":{"line":29,"column":98}},"34":{"start":{"line":30,"column":32},"end":{"line":30,"column":116}},"35":{"start":{"line":31,"column":8},"end":{"line":31,"column":78}},"36":{"start":{"line":34,"column":0},"end":{"line":34,"column":62}},"37":{"start":{"line":35,"column":0},"end":{"line":35,"column":38}},"38":{"start":{"line":36,"column":16},"end":{"line":36,"column":46}},"39":{"start":{"line":37,"column":22},"end":{"line":37,"column":61}},"40":{"start":{"line":38,"column":11},"end":{"line":38,"column":24}},"41":{"start":{"line":41,"column":22},"end":{"line":42,"column":150}},"42":{"start":{"line":42,"column":27},"end":{"line":42,"column":149}},"43":{"start":{"line":43,"column":24},"end":{"line":50,"column":5}},"44":{"start":{"line":51,"column":4},"end":{"line":51,"column":23}},"45":{"start":{"line":54,"column":28},"end":{"line":54,"column":78}},"46":{"start":{"line":55,"column":27},"end":{"line":55,"column":53}},"47":{"start":{"line":56,"column":50},"end":{"line":84,"column":14}},"48":{"start":{"line":60,"column":97},"end":{"line":81,"column":10}},"49":{"start":{"line":62,"column":12},"end":{"line":80,"column":27}},"50":{"start":{"line":63,"column":37},"end":{"line":63,"column":144}},"51":{"start":{"line":64,"column":16},"end":{"line":67,"column":17}},"52":{"start":{"line":64,"column":40},"end":{"line":64,"column":162}},"53":{"start":{"line":65,"column":34},"end":{"line":65,"column":95}},"54":{"start":{"line":66,"column":20},"end":{"line":66,"column":32}},"55":{"start":{"line":68,"column":34},"end":{"line":68,"column":78}},"56":{"start":{"line":69,"column":30},"end":{"line":69,"column":132}},"57":{"start":{"line":70,"column":29},"end":{"line":73,"column":22}},"58":{"start":{"line":75,"column":16},"end":{"line":75,"column":46}},"59":{"start":{"line":76,"column":16},"end":{"line":78,"column":32}},"60":{"start":{"line":76,"column":42},"end":{"line":78,"column":29}},"61":{"start":{"line":81,"column":30},"end":{"line":84,"column":10}},"62":{"start":{"line":82,"column":12},"end":{"line":82,"column":43}},"63":{"start":{"line":86,"column":4},"end":{"line":130,"column":27}},"64":{"start":{"line":87,"column":24},"end":{"line":87,"column":28}},"65":{"start":{"line":88,"column":41},"end":{"line":88,"column":44}},"66":{"start":{"line":91,"column":12},"end":{"line":123,"column":15}},"67":{"start":{"line":93,"column":16},"end":{"line":97,"column":27}},"68":{"start":{"line":97,"column":20},"end":{"line":97,"column":27}},"69":{"start":{"line":98,"column":45},"end":{"line":98,"column":50}},"70":{"start":{"line":99,"column":16},"end":{"line":122,"column":17}},"71":{"start":{"line":100,"column":32},"end":{"line":100,"column":169}},"72":{"start":{"line":101,"column":34},"end":{"line":101,"column":136}},"73":{"start":{"line":102,"column":20},"end":{"line":114,"column":21}},"74":{"start":{"line":103,"column":24},"end":{"line":103,"column":127}},"75":{"start":{"line":104,"column":24},"end":{"line":104,"column":54}},"76":{"start":{"line":105,"column":24},"end":{"line":105,"column":74}},"77":{"start":{"line":106,"column":24},"end":{"line":106,"column":51}},"78":{"start":{"line":108,"column":25},"end":{"line":114,"column":21}},"79":{"start":{"line":110,"column":24},"end":{"line":110,"column":176}},"80":{"start":{"line":111,"column":24},"end":{"line":111,"column":54}},"81":{"start":{"line":112,"column":24},"end":{"line":112,"column":74}},"82":{"start":{"line":113,"column":24},"end":{"line":113,"column":51}},"83":{"start":{"line":117,"column":20},"end":{"line":117,"column":74}},"84":{"start":{"line":120,"column":20},"end":{"line":121,"column":96}},"85":{"start":{"line":121,"column":24},"end":{"line":121,"column":96}},"86":{"start":{"line":125,"column":8},"end":{"line":125,"column":32}},"87":{"start":{"line":126,"column":8},"end":{"line":129,"column":10}},"88":{"start":{"line":127,"column":12},"end":{"line":128,"column":40}},"89":{"start":{"line":128,"column":16},"end":{"line":128,"column":40}},"90":{"start":{"line":131,"column":4},"end":{"line":145,"column":7}},"91":{"start":{"line":133,"column":8},"end":{"line":134,"column":19}},"92":{"start":{"line":134,"column":12},"end":{"line":134,"column":19}},"93":{"start":{"line":135,"column":8},"end":{"line":136,"column":19}},"94":{"start":{"line":136,"column":12},"end":{"line":136,"column":19}},"95":{"start":{"line":137,"column":8},"end":{"line":140,"column":9}},"96":{"start":{"line":139,"column":12},"end":{"line":139,"column":39}},"97":{"start":{"line":146,"column":4},"end":{"line":146,"column":110}},"98":{"start":{"line":148,"column":0},"end":{"line":148,"column":52}}},"fnMap":{"0":{"name":"(anonymous_0)","decl":{"start":{"line":2,"column":74},"end":{"line":2,"column":75}},"loc":{"start":{"line":2,"column":96},"end":{"line":9,"column":1}},"line":2},"1":{"name":"(anonymous_1)","decl":{"start":{"line":6,"column":38},"end":{"line":6,"column":39}},"loc":{"start":{"line":6,"column":49},"end":{"line":6,"column":65}},"line":6},"2":{"name":"(anonymous_2)","decl":{"start":{"line":9,"column":6},"end":{"line":9,"column":7}},"loc":{"start":{"line":9,"column":28},"end":{"line":12,"column":1}},"line":9},"3":{"name":"(anonymous_3)","decl":{"start":{"line":13,"column":80},"end":{"line":13,"column":81}},"loc":{"start":{"line":13,"column":95},"end":{"line":15,"column":1}},"line":13},"4":{"name":"(anonymous_4)","decl":{"start":{"line":15,"column":5},"end":{"line":15,"column":6}},"loc":{"start":{"line":15,"column":20},"end":{"line":17,"column":1}},"line":15},"5":{"name":"(anonymous_5)","decl":{"start":{"line":18,"column":50},"end":{"line":18,"column":51}},"loc":{"start":{"line":18,"column":65},"end":{"line":24,"column":1}},"line":18},"6":{"name":"(anonymous_6)","decl":{"start":{"line":25,"column":44},"end":{"line":25,"column":45}},"loc":{"start":{"line":25,"column":89},"end":{"line":33,"column":1}},"line":25},"7":{"name":"adopt","decl":{"start":{"line":26,"column":13},"end":{"line":26,"column":18}},"loc":{"start":{"line":26,"column":26},"end":{"line":26,"column":112}},"line":26},"8":{"name":"(anonymous_8)","decl":{"start":{"line":26,"column":70},"end":{"line":26,"column":71}},"loc":{"start":{"line":26,"column":89},"end":{"line":26,"column":108}},"line":26},"9":{"name":"(anonymous_9)","decl":{"start":{"line":27,"column":36},"end":{"line":27,"column":37}},"loc":{"start":{"line":27,"column":63},"end":{"line":32,"column":5}},"line":27},"10":{"name":"fulfilled","decl":{"start":{"line":28,"column":17},"end":{"line":28,"column":26}},"loc":{"start":{"line":28,"column":34},"end":{"line":28,"column":99}},"line":28},"11":{"name":"rejected","decl":{"start":{"line":29,"column":17},"end":{"line":29,"column":25}},"loc":{"start":{"line":29,"column":33},"end":{"line":29,"column":102}},"line":29},"12":{"name":"step","decl":{"start":{"line":30,"column":17},"end":{"line":30,"column":21}},"loc":{"start":{"line":30,"column":30},"end":{"line":30,"column":118}},"line":30},"13":{"name":"networkToActiveChain","decl":{"start":{"line":39,"column":9},"end":{"line":39,"column":29}},"loc":{"start":{"line":39,"column":54},"end":{"line":52,"column":1}},"line":39},"14":{"name":"(anonymous_14)","decl":{"start":{"line":42,"column":20},"end":{"line":42,"column":21}},"loc":{"start":{"line":42,"column":27},"end":{"line":42,"column":149}},"line":42},"15":{"name":"SorobanReactProvider","decl":{"start":{"line":53,"column":9},"end":{"line":53,"column":29}},"loc":{"start":{"line":53,"column":95},"end":{"line":147,"column":1}},"line":53},"16":{"name":"(anonymous_16)","decl":{"start":{"line":60,"column":91},"end":{"line":60,"column":92}},"loc":{"start":{"line":60,"column":97},"end":{"line":81,"column":10}},"line":60},"17":{"name":"(anonymous_17)","decl":{"start":{"line":60,"column":129},"end":{"line":60,"column":130}},"loc":{"start":{"line":60,"column":142},"end":{"line":81,"column":9}},"line":60},"18":{"name":"(anonymous_18)","decl":{"start":{"line":64,"column":33},"end":{"line":64,"column":34}},"loc":{"start":{"line":64,"column":40},"end":{"line":64,"column":162}},"line":64},"19":{"name":"(anonymous_19)","decl":{"start":{"line":76,"column":34},"end":{"line":76,"column":35}},"loc":{"start":{"line":76,"column":42},"end":{"line":78,"column":29}},"line":76},"20":{"name":"(anonymous_20)","decl":{"start":{"line":81,"column":24},"end":{"line":81,"column":25}},"loc":{"start":{"line":81,"column":30},"end":{"line":84,"column":10}},"line":81},"21":{"name":"(anonymous_21)","decl":{"start":{"line":81,"column":62},"end":{"line":81,"column":63}},"loc":{"start":{"line":81,"column":75},"end":{"line":84,"column":9}},"line":81},"22":{"name":"(anonymous_22)","decl":{"start":{"line":86,"column":30},"end":{"line":86,"column":31}},"loc":{"start":{"line":86,"column":36},"end":{"line":130,"column":5}},"line":86},"23":{"name":"checkForWalletChanges","decl":{"start":{"line":89,"column":17},"end":{"line":89,"column":38}},"loc":{"start":{"line":89,"column":41},"end":{"line":124,"column":9}},"line":89},"24":{"name":"(anonymous_24)","decl":{"start":{"line":91,"column":51},"end":{"line":91,"column":52}},"loc":{"start":{"line":91,"column":64},"end":{"line":123,"column":13}},"line":91},"25":{"name":"(anonymous_25)","decl":{"start":{"line":126,"column":15},"end":{"line":126,"column":16}},"loc":{"start":{"line":126,"column":21},"end":{"line":129,"column":9}},"line":126},"26":{"name":"(anonymous_26)","decl":{"start":{"line":131,"column":30},"end":{"line":131,"column":31}},"loc":{"start":{"line":131,"column":36},"end":{"line":141,"column":5}},"line":131}},"branchMap":{"0":{"loc":{"start":{"line":2,"column":22},"end":{"line":12,"column":3}},"type":"binary-expr","locations":[{"start":{"line":2,"column":23},"end":{"line":2,"column":27}},{"start":{"line":2,"column":31},"end":{"line":2,"column":51}},{"start":{"line":2,"column":57},"end":{"line":12,"column":2}}],"line":2},"1":{"loc":{"start":{"line":2,"column":57},"end":{"line":12,"column":2}},"type":"cond-expr","locations":[{"start":{"line":2,"column":74},"end":{"line":9,"column":1}},{"start":{"line":9,"column":6},"end":{"line":12,"column":1}}],"line":2},"2":{"loc":{"start":{"line":3,"column":4},"end":{"line":3,"column":33}},"type":"if","locations":[{"start":{"line":3,"column":4},"end":{"line":3,"column":33}},{"start":{},"end":{}}],"line":3},"3":{"loc":{"start":{"line":5,"column":4},"end":{"line":7,"column":5}},"type":"if","locations":[{"start":{"line":5,"column":4},"end":{"line":7,"column":5}},{"start":{},"end":{}}],"line":5},"4":{"loc":{"start":{"line":5,"column":8},"end":{"line":5,"column":85}},"type":"binary-expr","locations":[{"start":{"line":5,"column":8},"end":{"line":5,"column":13}},{"start":{"line":5,"column":18},"end":{"line":5,"column":84}}],"line":5},"5":{"loc":{"start":{"line":5,"column":18},"end":{"line":5,"column":84}},"type":"cond-expr","locations":[{"start":{"line":5,"column":34},"end":{"line":5,"column":47}},{"start":{"line":5,"column":50},"end":{"line":5,"column":84}}],"line":5},"6":{"loc":{"start":{"line":5,"column":50},"end":{"line":5,"column":84}},"type":"binary-expr","locations":[{"start":{"line":5,"column":50},"end":{"line":5,"column":63}},{"start":{"line":5,"column":67},"end":{"line":5,"column":84}}],"line":5},"7":{"loc":{"start":{"line":10,"column":4},"end":{"line":10,"column":33}},"type":"if","locations":[{"start":{"line":10,"column":4},"end":{"line":10,"column":33}},{"start":{},"end":{}}],"line":10},"8":{"loc":{"start":{"line":13,"column":25},"end":{"line":17,"column":2}},"type":"binary-expr","locations":[{"start":{"line":13,"column":26},"end":{"line":13,"column":30}},{"start":{"line":13,"column":34},"end":{"line":13,"column":57}},{"start":{"line":13,"column":63},"end":{"line":17,"column":1}}],"line":13},"9":{"loc":{"start":{"line":13,"column":63},"end":{"line":17,"column":1}},"type":"cond-expr","locations":[{"start":{"line":13,"column":80},"end":{"line":15,"column":1}},{"start":{"line":15,"column":5},"end":{"line":17,"column":1}}],"line":13},"10":{"loc":{"start":{"line":18,"column":19},"end":{"line":24,"column":1}},"type":"binary-expr","locations":[{"start":{"line":18,"column":20},"end":{"line":18,"column":24}},{"start":{"line":18,"column":28},"end":{"line":18,"column":45}},{"start":{"line":18,"column":50},"end":{"line":24,"column":1}}],"line":18},"11":{"loc":{"start":{"line":19,"column":4},"end":{"line":19,"column":42}},"type":"if","locations":[{"start":{"line":19,"column":4},"end":{"line":19,"column":42}},{"start":{},"end":{}}],"line":19},"12":{"loc":{"start":{"line":19,"column":8},"end":{"line":19,"column":29}},"type":"binary-expr","locations":[{"start":{"line":19,"column":8},"end":{"line":19,"column":11}},{"start":{"line":19,"column":15},"end":{"line":19,"column":29}}],"line":19},"13":{"loc":{"start":{"line":21,"column":4},"end":{"line":21,"column":141}},"type":"if","locations":[{"start":{"line":21,"column":4},"end":{"line":21,"column":141}},{"start":{},"end":{}}],"line":21},"14":{"loc":{"start":{"line":21,"column":40},"end":{"line":21,"column":141}},"type":"if","locations":[{"start":{"line":21,"column":40},"end":{"line":21,"column":141}},{"start":{},"end":{}}],"line":21},"15":{"loc":{"start":{"line":21,"column":44},"end":{"line":21,"column":107}},"type":"binary-expr","locations":[{"start":{"line":21,"column":44},"end":{"line":21,"column":59}},{"start":{"line":21,"column":63},"end":{"line":21,"column":107}}],"line":21},"16":{"loc":{"start":{"line":25,"column":16},"end":{"line":33,"column":1}},"type":"binary-expr","locations":[{"start":{"line":25,"column":17},"end":{"line":25,"column":21}},{"start":{"line":25,"column":25},"end":{"line":25,"column":39}},{"start":{"line":25,"column":44},"end":{"line":33,"column":1}}],"line":25},"17":{"loc":{"start":{"line":26,"column":35},"end":{"line":26,"column":109}},"type":"cond-expr","locations":[{"start":{"line":26,"column":56},"end":{"line":26,"column":61}},{"start":{"line":26,"column":64},"end":{"line":26,"column":109}}],"line":26},"18":{"loc":{"start":{"line":27,"column":16},"end":{"line":27,"column":34}},"type":"binary-expr","locations":[{"start":{"line":27,"column":16},"end":{"line":27,"column":17}},{"start":{"line":27,"column":22},"end":{"line":27,"column":33}}],"line":27},"19":{"loc":{"start":{"line":30,"column":32},"end":{"line":30,"column":115}},"type":"cond-expr","locations":[{"start":{"line":30,"column":46},"end":{"line":30,"column":67}},{"start":{"line":30,"column":70},"end":{"line":30,"column":115}}],"line":30},"20":{"loc":{"start":{"line":31,"column":51},"end":{"line":31,"column":67}},"type":"binary-expr","locations":[{"start":{"line":31,"column":51},"end":{"line":31,"column":61}},{"start":{"line":31,"column":65},"end":{"line":31,"column":67}}],"line":31},"21":{"loc":{"start":{"line":41,"column":22},"end":{"line":42,"column":150}},"type":"binary-expr","locations":[{"start":{"line":41,"column":22},"end":{"line":41,"column":36}},{"start":{"line":42,"column":8},"end":{"line":42,"column":150}}],"line":41},"22":{"loc":{"start":{"line":42,"column":52},"end":{"line":42,"column":148}},"type":"cond-expr","locations":[{"start":{"line":42,"column":107},"end":{"line":42,"column":113}},{"start":{"line":42,"column":116},"end":{"line":42,"column":148}}],"line":42},"23":{"loc":{"start":{"line":42,"column":52},"end":{"line":42,"column":104}},"type":"binary-expr","locations":[{"start":{"line":42,"column":52},"end":{"line":42,"column":75}},{"start":{"line":42,"column":79},"end":{"line":42,"column":104}}],"line":42},"24":{"loc":{"start":{"line":43,"column":24},"end":{"line":50,"column":5}},"type":"binary-expr","locations":[{"start":{"line":43,"column":24},"end":{"line":43,"column":38}},{"start":{"line":43,"column":42},"end":{"line":50,"column":5}}],"line":43},"25":{"loc":{"start":{"line":44,"column":12},"end":{"line":44,"column":151}},"type":"cond-expr","locations":[{"start":{"line":44,"column":114},"end":{"line":44,"column":116}},{"start":{"line":44,"column":119},"end":{"line":44,"column":151}}],"line":44},"26":{"loc":{"start":{"line":44,"column":12},"end":{"line":44,"column":111}},"type":"binary-expr","locations":[{"start":{"line":44,"column":12},"end":{"line":44,"column":94}},{"start":{"line":44,"column":98},"end":{"line":44,"column":111}}],"line":44},"27":{"loc":{"start":{"line":44,"column":18},"end":{"line":44,"column":84}},"type":"cond-expr","locations":[{"start":{"line":44,"column":63},"end":{"line":44,"column":69}},{"start":{"line":44,"column":72},"end":{"line":44,"column":84}}],"line":44},"28":{"loc":{"start":{"line":44,"column":18},"end":{"line":44,"column":60}},"type":"binary-expr","locations":[{"start":{"line":44,"column":18},"end":{"line":44,"column":36}},{"start":{"line":44,"column":40},"end":{"line":44,"column":60}}],"line":44},"29":{"loc":{"start":{"line":45,"column":14},"end":{"line":45,"column":145}},"type":"cond-expr","locations":[{"start":{"line":45,"column":118},"end":{"line":45,"column":120}},{"start":{"line":45,"column":123},"end":{"line":45,"column":145}}],"line":45},"30":{"loc":{"start":{"line":45,"column":14},"end":{"line":45,"column":115}},"type":"binary-expr","locations":[{"start":{"line":45,"column":14},"end":{"line":45,"column":98}},{"start":{"line":45,"column":102},"end":{"line":45,"column":115}}],"line":45},"31":{"loc":{"start":{"line":45,"column":20},"end":{"line":45,"column":88}},"type":"cond-expr","locations":[{"start":{"line":45,"column":65},"end":{"line":45,"column":71}},{"start":{"line":45,"column":74},"end":{"line":45,"column":88}}],"line":45},"32":{"loc":{"start":{"line":45,"column":20},"end":{"line":45,"column":62}},"type":"binary-expr","locations":[{"start":{"line":45,"column":20},"end":{"line":45,"column":38}},{"start":{"line":45,"column":42},"end":{"line":45,"column":62}}],"line":45},"33":{"loc":{"start":{"line":47,"column":24},"end":{"line":47,"column":102}},"type":"cond-expr","locations":[{"start":{"line":47,"column":69},"end":{"line":47,"column":75}},{"start":{"line":47,"column":78},"end":{"line":47,"column":102}}],"line":47},"34":{"loc":{"start":{"line":47,"column":24},"end":{"line":47,"column":66}},"type":"binary-expr","locations":[{"start":{"line":47,"column":24},"end":{"line":47,"column":42}},{"start":{"line":47,"column":46},"end":{"line":47,"column":66}}],"line":47},"35":{"loc":{"start":{"line":48,"column":17},"end":{"line":48,"column":88}},"type":"cond-expr","locations":[{"start":{"line":48,"column":62},"end":{"line":48,"column":68}},{"start":{"line":48,"column":71},"end":{"line":48,"column":88}}],"line":48},"36":{"loc":{"start":{"line":48,"column":17},"end":{"line":48,"column":59}},"type":"binary-expr","locations":[{"start":{"line":48,"column":17},"end":{"line":48,"column":35}},{"start":{"line":48,"column":39},"end":{"line":48,"column":59}}],"line":48},"37":{"loc":{"start":{"line":53,"column":41},"end":{"line":53,"column":60}},"type":"default-arg","locations":[{"start":{"line":53,"column":55},"end":{"line":53,"column":60}}],"line":53},"38":{"loc":{"start":{"line":54,"column":28},"end":{"line":54,"column":78}},"type":"cond-expr","locations":[{"start":{"line":54,"column":53},"end":{"line":54,"column":66}},{"start":{"line":54,"column":69},"end":{"line":54,"column":78}}],"line":54},"39":{"loc":{"start":{"line":60,"column":38},"end":{"line":60,"column":80}},"type":"cond-expr","locations":[{"start":{"line":60,"column":59},"end":{"line":60,"column":68}},{"start":{"line":60,"column":71},"end":{"line":60,"column":80}}],"line":60},"40":{"loc":{"start":{"line":63,"column":44},"end":{"line":63,"column":143}},"type":"cond-expr","locations":[{"start":{"line":63,"column":112},"end":{"line":63,"column":118}},{"start":{"line":63,"column":121},"end":{"line":63,"column":143}}],"line":63},"41":{"loc":{"start":{"line":63,"column":44},"end":{"line":63,"column":109}},"type":"binary-expr","locations":[{"start":{"line":63,"column":44},"end":{"line":63,"column":92}},{"start":{"line":63,"column":96},"end":{"line":63,"column":109}}],"line":63},"42":{"loc":{"start":{"line":64,"column":16},"end":{"line":67,"column":17}},"type":"if","locations":[{"start":{"line":64,"column":16},"end":{"line":67,"column":17}},{"start":{},"end":{}}],"line":64},"43":{"loc":{"start":{"line":64,"column":65},"end":{"line":64,"column":161}},"type":"cond-expr","locations":[{"start":{"line":64,"column":120},"end":{"line":64,"column":126}},{"start":{"line":64,"column":129},"end":{"line":64,"column":161}}],"line":64},"44":{"loc":{"start":{"line":64,"column":65},"end":{"line":64,"column":117}},"type":"binary-expr","locations":[{"start":{"line":64,"column":65},"end":{"line":64,"column":88}},{"start":{"line":64,"column":92},"end":{"line":64,"column":117}}],"line":64},"45":{"loc":{"start":{"line":69,"column":37},"end":{"line":69,"column":131}},"type":"cond-expr","locations":[{"start":{"line":69,"column":105},"end":{"line":69,"column":111}},{"start":{"line":69,"column":114},"end":{"line":69,"column":131}}],"line":69},"46":{"loc":{"start":{"line":69,"column":37},"end":{"line":69,"column":102}},"type":"binary-expr","locations":[{"start":{"line":69,"column":37},"end":{"line":69,"column":85}},{"start":{"line":69,"column":89},"end":{"line":69,"column":102}}],"line":69},"47":{"loc":{"start":{"line":70,"column":29},"end":{"line":73,"column":22}},"type":"binary-expr","locations":[{"start":{"line":70,"column":29},"end":{"line":70,"column":43}},{"start":{"line":71,"column":20},"end":{"line":73,"column":22}}],"line":70},"48":{"loc":{"start":{"line":93,"column":16},"end":{"line":97,"column":27}},"type":"if","locations":[{"start":{"line":93,"column":16},"end":{"line":97,"column":27}},{"start":{},"end":{}}],"line":93},"49":{"loc":{"start":{"line":93,"column":20},"end":{"line":96,"column":49}},"type":"binary-expr","locations":[{"start":{"line":93,"column":20},"end":{"line":93,"column":53}},{"start":{"line":94,"column":20},"end":{"line":94,"column":67}},{"start":{"line":95,"column":20},"end":{"line":95,"column":43}},{"start":{"line":96,"column":20},"end":{"line":96,"column":49}}],"line":93},"50":{"loc":{"start":{"line":100,"column":60},"end":{"line":100,"column":159}},"type":"cond-expr","locations":[{"start":{"line":100,"column":128},"end":{"line":100,"column":134}},{"start":{"line":100,"column":137},"end":{"line":100,"column":159}}],"line":100},"51":{"loc":{"start":{"line":100,"column":60},"end":{"line":100,"column":125}},"type":"binary-expr","locations":[{"start":{"line":100,"column":60},"end":{"line":100,"column":108}},{"start":{"line":100,"column":112},"end":{"line":100,"column":125}}],"line":100},"52":{"loc":{"start":{"line":101,"column":41},"end":{"line":101,"column":135}},"type":"cond-expr","locations":[{"start":{"line":101,"column":109},"end":{"line":101,"column":115}},{"start":{"line":101,"column":118},"end":{"line":101,"column":135}}],"line":101},"53":{"loc":{"start":{"line":101,"column":41},"end":{"line":101,"column":106}},"type":"binary-expr","locations":[{"start":{"line":101,"column":41},"end":{"line":101,"column":89}},{"start":{"line":101,"column":93},"end":{"line":101,"column":106}}],"line":101},"54":{"loc":{"start":{"line":102,"column":20},"end":{"line":114,"column":21}},"type":"if","locations":[{"start":{"line":102,"column":20},"end":{"line":114,"column":21}},{"start":{"line":108,"column":25},"end":{"line":114,"column":21}}],"line":102},"55":{"loc":{"start":{"line":108,"column":25},"end":{"line":114,"column":21}},"type":"if","locations":[{"start":{"line":108,"column":25},"end":{"line":114,"column":21}},{"start":{},"end":{}}],"line":108},"56":{"loc":{"start":{"line":120,"column":20},"end":{"line":121,"column":96}},"type":"if","locations":[{"start":{"line":120,"column":20},"end":{"line":121,"column":96}},{"start":{},"end":{}}],"line":120},"57":{"loc":{"start":{"line":127,"column":12},"end":{"line":128,"column":40}},"type":"if","locations":[{"start":{"line":127,"column":12},"end":{"line":128,"column":40}},{"start":{},"end":{}}],"line":127},"58":{"loc":{"start":{"line":133,"column":8},"end":{"line":134,"column":19}},"type":"if","locations":[{"start":{"line":133,"column":8},"end":{"line":134,"column":19}},{"start":{},"end":{}}],"line":133},"59":{"loc":{"start":{"line":135,"column":8},"end":{"line":136,"column":19}},"type":"if","locations":[{"start":{"line":135,"column":8},"end":{"line":136,"column":19}},{"start":{},"end":{}}],"line":135},"60":{"loc":{"start":{"line":137,"column":8},"end":{"line":140,"column":9}},"type":"if","locations":[{"start":{"line":137,"column":8},"end":{"line":140,"column":9}},{"start":{},"end":{}}],"line":137},"61":{"loc":{"start":{"line":137,"column":12},"end":{"line":138,"column":58}},"type":"binary-expr","locations":[{"start":{"line":137,"column":12},"end":{"line":137,"column":40}},{"start":{"line":138,"column":12},"end":{"line":138,"column":58}}],"line":137}},"s":{"0":2,"1":57,"2":57,"3":57,"4":57,"5":57,"6":0,"7":57,"8":0,"9":0,"10":0,"11":2,"12":3,"13":0,"14":2,"15":4,"16":1,"17":3,"18":3,"19":3,"20":57,"21":57,"22":3,"23":3,"24":2,"25":0,"26":0,"27":0,"28":0,"29":0,"30":0,"31":0,"32":0,"33":0,"34":0,"35":0,"36":2,"37":2,"38":2,"39":2,"40":2,"41":0,"42":0,"43":0,"44":0,"45":0,"46":0,"47":0,"48":0,"49":0,"50":0,"51":0,"52":0,"53":0,"54":0,"55":0,"56":0,"57":0,"58":0,"59":0,"60":0,"61":0,"62":0,"63":0,"64":0,"65":0,"66":0,"67":0,"68":0,"69":0,"70":0,"71":0,"72":0,"73":0,"74":0,"75":0,"76":0,"77":0,"78":0,"79":0,"80":0,"81":0,"82":0,"83":0,"84":0,"85":0,"86":0,"87":0,"88":0,"89":0,"90":0,"91":0,"92":0,"93":0,"94":0,"95":0,"96":0,"97":0,"98":2},"f":{"0":57,"1":0,"2":0,"3":3,"4":0,"5":4,"6":0,"7":0,"8":0,"9":0,"10":0,"11":0,"12":0,"13":0,"14":0,"15":0,"16":0,"17":0,"18":0,"19":0,"20":0,"21":0,"22":0,"23":0,"24":0,"25":0,"26":0},"b":{"0":[2,2,2],"1":[2,0],"2":[57,0],"3":[57,0],"4":[57,57],"5":[0,57],"6":[57,0],"7":[0,0],"8":[2,2,2],"9":[2,0],"10":[2,2,2],"11":[1,3],"12":[4,4],"13":[3,0],"14":[57,0],"15":[57,57],"16":[2,2,2],"17":[0,0],"18":[0,0],"19":[0,0],"20":[0,0],"21":[0,0],"22":[0,0],"23":[0,0],"24":[0,0],"25":[0,0],"26":[0,0],"27":[0,0],"28":[0,0],"29":[0,0],"30":[0,0],"31":[0,0],"32":[0,0],"33":[0,0],"34":[0,0],"35":[0,0],"36":[0,0],"37":[0],"38":[0,0],"39":[0,0],"40":[0,0],"41":[0,0],"42":[0,0],"43":[0,0],"44":[0,0],"45":[0,0],"46":[0,0],"47":[0,0],"48":[0,0],"49":[0,0,0,0],"50":[0,0],"51":[0,0],"52":[0,0],"53":[0,0],"54":[0,0],"55":[0,0],"56":[0,0],"57":[0,0],"58":[0,0],"59":[0,0],"60":[0,0],"61":[0,0]},"_coverageSchema":"1a1c01bbd47fc00a2c39e90264f33305004495a9","hash":"0ce88861c135387d9454899c35d44a4839d33949"}
,"C:\\Users\\herts\\OneDrive\\Escritorio\\proyectos\\soroban-react\\packages\\core\\dist\\getDefaultConnectors.js": {"path":"C:\\Users\\herts\\OneDrive\\Escritorio\\proyectos\\soroban-react\\packages\\core\\dist\\getDefaultConnectors.js","statementMap":{"0":{"start":{"line":2,"column":0},"end":{"line":2,"column":62}},"1":{"start":{"line":3,"column":0},"end":{"line":3,"column":38}},"2":{"start":{"line":4,"column":20},"end":{"line":4,"column":55}},"3":{"start":{"line":5,"column":29},"end":{"line":8,"column":1}},"4":{"start":{"line":6,"column":17},"end":{"line":6,"column":47}},"5":{"start":{"line":7,"column":4},"end":{"line":7,"column":16}},"6":{"start":{"line":9,"column":0},"end":{"line":9,"column":52}}},"fnMap":{"0":{"name":"(anonymous_0)","decl":{"start":{"line":5,"column":29},"end":{"line":5,"column":30}},"loc":{"start":{"line":5,"column":35},"end":{"line":8,"column":1}},"line":5}},"branchMap":{},"s":{"0":3,"1":3,"2":3,"3":3,"4":3,"5":3,"6":3},"f":{"0":3},"b":{},"_coverageSchema":"1a1c01bbd47fc00a2c39e90264f33305004495a9","hash":"dba3bb57d3386e53dc2f2308107d7c87c94b51ff"}
,"C:\\Users\\herts\\OneDrive\\Escritorio\\proyectos\\soroban-react\\packages\\core\\dist\\index.js": {"path":"C:\\Users\\herts\\OneDrive\\Escritorio\\proyectos\\soroban-react\\packages\\core\\dist\\index.js","statementMap":{"0":{"start":{"line":2,"column":22},"end":{"line":12,"column":3}},"1":{"start":{"line":3,"column":4},"end":{"line":3,"column":33}},"2":{"start":{"line":3,"column":26},"end":{"line":3,"column":33}},"3":{"start":{"line":4,"column":15},"end":{"line":4,"column":52}},"4":{"start":{"line":5,"column":4},"end":{"line":7,"column":5}},"5":{"start":{"line":6,"column":6},"end":{"line":6,"column":68}},"6":{"start":{"line":6,"column":51},"end":{"line":6,"column":63}},"7":{"start":{"line":8,"column":4},"end":{"line":8,"column":39}},"8":{"start":{"line":10,"column":4},"end":{"line":10,"column":33}},"9":{"start":{"line":10,"column":26},"end":{"line":10,"column":33}},"10":{"start":{"line":11,"column":4},"end":{"line":11,"column":17}},"11":{"start":{"line":13,"column":19},"end":{"line":15,"column":1}},"12":{"start":{"line":14,"column":4},"end":{"line":14,"column":126}},"13":{"start":{"line":14,"column":21},"end":{"line":14,"column":126}},"14":{"start":{"line":14,"column":95},"end":{"line":14,"column":126}},"15":{"start":{"line":16,"column":0},"end":{"line":16,"column":62}},"16":{"start":{"line":17,"column":0},"end":{"line":17,"column":51}},"17":{"start":{"line":18,"column":0},"end":{"line":18,"column":57}},"18":{"start":{"line":19,"column":0},"end":{"line":19,"column":52}},"19":{"start":{"line":20,"column":0},"end":{"line":20,"column":57}}},"fnMap":{"0":{"name":"(anonymous_0)","decl":{"start":{"line":2,"column":74},"end":{"line":2,"column":75}},"loc":{"start":{"line":2,"column":96},"end":{"line":9,"column":1}},"line":2},"1":{"name":"(anonymous_1)","decl":{"start":{"line":6,"column":38},"end":{"line":6,"column":39}},"loc":{"start":{"line":6,"column":49},"end":{"line":6,"column":65}},"line":6},"2":{"name":"(anonymous_2)","decl":{"start":{"line":9,"column":6},"end":{"line":9,"column":7}},"loc":{"start":{"line":9,"column":28},"end":{"line":12,"column":1}},"line":9},"3":{"name":"(anonymous_3)","decl":{"start":{"line":13,"column":50},"end":{"line":13,"column":51}},"loc":{"start":{"line":13,"column":71},"end":{"line":15,"column":1}},"line":13}},"branchMap":{"0":{"loc":{"start":{"line":2,"column":22},"end":{"line":12,"column":3}},"type":"binary-expr","locations":[{"start":{"line":2,"column":23},"end":{"line":2,"column":27}},{"start":{"line":2,"column":31},"end":{"line":2,"column":51}},{"start":{"line":2,"column":57},"end":{"line":12,"column":2}}],"line":2},"1":{"loc":{"start":{"line":2,"column":57},"end":{"line":12,"column":2}},"type":"cond-expr","locations":[{"start":{"line":2,"column":74},"end":{"line":9,"column":1}},{"start":{"line":9,"column":6},"end":{"line":12,"column":1}}],"line":2},"2":{"loc":{"start":{"line":3,"column":4},"end":{"line":3,"column":33}},"type":"if","locations":[{"start":{"line":3,"column":4},"end":{"line":3,"column":33}},{"start":{},"end":{}}],"line":3},"3":{"loc":{"start":{"line":5,"column":4},"end":{"line":7,"column":5}},"type":"if","locations":[{"start":{"line":5,"column":4},"end":{"line":7,"column":5}},{"start":{},"end":{}}],"line":5},"4":{"loc":{"start":{"line":5,"column":8},"end":{"line":5,"column":85}},"type":"binary-expr","locations":[{"start":{"line":5,"column":8},"end":{"line":5,"column":13}},{"start":{"line":5,"column":18},"end":{"line":5,"column":84}}],"line":5},"5":{"loc":{"start":{"line":5,"column":18},"end":{"line":5,"column":84}},"type":"cond-expr","locations":[{"start":{"line":5,"column":34},"end":{"line":5,"column":47}},{"start":{"line":5,"column":50},"end":{"line":5,"column":84}}],"line":5},"6":{"loc":{"start":{"line":5,"column":50},"end":{"line":5,"column":84}},"type":"binary-expr","locations":[{"start":{"line":5,"column":50},"end":{"line":5,"column":63}},{"start":{"line":5,"column":67},"end":{"line":5,"column":84}}],"line":5},"7":{"loc":{"start":{"line":10,"column":4},"end":{"line":10,"column":33}},"type":"if","locations":[{"start":{"line":10,"column":4},"end":{"line":10,"column":33}},{"start":{},"end":{}}],"line":10},"8":{"loc":{"start":{"line":13,"column":19},"end":{"line":15,"column":1}},"type":"binary-expr","locations":[{"start":{"line":13,"column":20},"end":{"line":13,"column":24}},{"start":{"line":13,"column":28},"end":{"line":13,"column":45}},{"start":{"line":13,"column":50},"end":{"line":15,"column":1}}],"line":13},"9":{"loc":{"start":{"line":14,"column":21},"end":{"line":14,"column":126}},"type":"if","locations":[{"start":{"line":14,"column":21},"end":{"line":14,"column":126}},{"start":{},"end":{}}],"line":14},"10":{"loc":{"start":{"line":14,"column":25},"end":{"line":14,"column":93}},"type":"binary-expr","locations":[{"start":{"line":14,"column":25},"end":{"line":14,"column":40}},{"start":{"line":14,"column":44},"end":{"line":14,"column":93}}],"line":14}},"s":{"0":2,"1":10,"2":10,"3":10,"4":10,"5":10,"6":4,"7":10,"8":0,"9":0,"10":0,"11":2,"12":8,"13":10,"14":10,"15":2,"16":2,"17":2,"18":2,"19":2},"f":{"0":10,"1":4,"2":0,"3":8},"b":{"0":[2,2,2],"1":[2,0],"2":[10,0],"3":[10,0],"4":[10,10],"5":[0,10],"6":[10,0],"7":[0,0],"8":[2,2,2],"9":[10,0],"10":[10,10]},"_coverageSchema":"1a1c01bbd47fc00a2c39e90264f33305004495a9","hash":"bc4d69bd601fff3824bfef16bf91d6ebde1a0b3e"}
,"C:\\Users\\herts\\OneDrive\\Escritorio\\proyectos\\soroban-react\\packages\\core\\dist\\useSorobanReact.js": {"path":"C:\\Users\\herts\\OneDrive\\Escritorio\\proyectos\\soroban-react\\packages\\core\\dist\\useSorobanReact.js","statementMap":{"0":{"start":{"line":2,"column":0},"end":{"line":2,"column":62}},"1":{"start":{"line":3,"column":0},"end":{"line":3,"column":33}},"2":{"start":{"line":4,"column":16},"end":{"line":4,"column":32}},"3":{"start":{"line":5,"column":25},"end":{"line":5,"column":52}},"4":{"start":{"line":7,"column":20},"end":{"line":7,"column":76}},"5":{"start":{"line":8,"column":4},"end":{"line":9,"column":93}},"6":{"start":{"line":9,"column":8},"end":{"line":9,"column":93}},"7":{"start":{"line":10,"column":4},"end":{"line":10,"column":19}},"8":{"start":{"line":12,"column":0},"end":{"line":12,"column":42}}},"fnMap":{"0":{"name":"useSorobanReact","decl":{"start":{"line":6,"column":9},"end":{"line":6,"column":24}},"loc":{"start":{"line":6,"column":27},"end":{"line":11,"column":1}},"line":6}},"branchMap":{"0":{"loc":{"start":{"line":8,"column":4},"end":{"line":9,"column":93}},"type":"if","locations":[{"start":{"line":8,"column":4},"end":{"line":9,"column":93}},{"start":{},"end":{}}],"line":8}},"s":{"0":3,"1":3,"2":3,"3":3,"4":2,"5":2,"6":1,"7":1,"8":3},"f":{"0":2},"b":{"0":[1,1]},"_coverageSchema":"1a1c01bbd47fc00a2c39e90264f33305004495a9","hash":"4e65d3bc180bdf8738387c5e4dbdfc50649fc3be"}
}
