TN:
SF:dist\SorobanContext.js
FN:2,(anonymous_0)
FN:6,(anonymous_1)
FN:9,(anonymous_2)
FN:13,(anonymous_3)
FN:15,(anonymous_4)
FN:18,(anonymous_5)
FN:25,(anonymous_6)
FN:26,adopt
FN:26,(anonymous_8)
FN:27,(anonymous_9)
FN:28,fulfilled
FN:29,rejected
FN:30,step
FN:43,(anonymous_13)
FN:44,(anonymous_14)
FN:46,(anonymous_15)
FN:47,(anonymous_16)
FNF:17
FNH:11
FNDA:1,(anonymous_0)
FNDA:1,(anonymous_1)
FNDA:0,(anonymous_2)
FNDA:1,(anonymous_3)
FNDA:0,(anonymous_4)
FNDA:4,(anonymous_5)
FNDA:2,(anonymous_6)
FNDA:0,adopt
FNDA:0,(anonymous_8)
FNDA:2,(anonymous_9)
FNDA:0,fulfilled
FNDA:0,rejected
FNDA:2,step
FNDA:1,(anonymous_13)
FNDA:1,(anonymous_14)
FNDA:1,(anonymous_15)
FNDA:1,(anonymous_16)
DA:2,4
DA:3,1
DA:4,1
DA:5,1
DA:6,1
DA:8,1
DA:10,0
DA:11,0
DA:13,4
DA:14,1
DA:16,0
DA:18,4
DA:19,4
DA:20,1
DA:21,1
DA:22,1
DA:23,1
DA:25,4
DA:26,0
DA:27,2
DA:28,0
DA:29,0
DA:30,2
DA:31,2
DA:34,4
DA:35,4
DA:36,4
DA:37,4
DA:38,4
DA:44,1
DA:47,1
DA:50,4
LF:32
LH:26
BRDA:2,0,0,4
BRDA:2,0,1,4
BRDA:2,0,2,4
BRDA:2,1,0,4
BRDA:2,1,1,0
BRDA:3,2,0,1
BRDA:3,2,1,0
BRDA:5,3,0,1
BRDA:5,3,1,0
BRDA:5,4,0,1
BRDA:5,4,1,1
BRDA:5,5,0,0
BRDA:5,5,1,1
BRDA:5,6,0,1
BRDA:5,6,1,0
BRDA:10,7,0,0
BRDA:10,7,1,0
BRDA:13,8,0,4
BRDA:13,8,1,4
BRDA:13,8,2,4
BRDA:13,9,0,4
BRDA:13,9,1,0
BRDA:18,10,0,4
BRDA:18,10,1,4
BRDA:18,10,2,4
BRDA:19,11,0,3
BRDA:19,11,1,1
BRDA:19,12,0,4
BRDA:19,12,1,4
BRDA:21,13,0,1
BRDA:21,13,1,0
BRDA:21,14,0,1
BRDA:21,14,1,0
BRDA:21,15,0,1
BRDA:21,15,1,1
BRDA:25,16,0,4
BRDA:25,16,1,4
BRDA:25,16,2,4
BRDA:26,17,0,0
BRDA:26,17,1,0
BRDA:27,18,0,2
BRDA:27,18,1,2
BRDA:30,19,0,2
BRDA:30,19,1,0
BRDA:31,20,0,2
BRDA:31,20,1,2
BRF:46
BRH:33
end_of_record
TN:
SF:dist\SorobanReactProvider.js
FN:2,(anonymous_0)
FN:6,(anonymous_1)
FN:9,(anonymous_2)
FN:13,(anonymous_3)
FN:15,(anonymous_4)
FN:18,(anonymous_5)
FN:25,(anonymous_6)
FN:26,adopt
FN:26,(anonymous_8)
FN:27,(anonymous_9)
FN:28,fulfilled
FN:29,rejected
FN:30,step
FN:39,networkToActiveChain
FN:42,(anonymous_14)
FN:53,SorobanReactProvider
FN:60,(anonymous_16)
FN:60,(anonymous_17)
FN:64,(anonymous_18)
FN:76,(anonymous_19)
FN:81,(anonymous_20)
FN:81,(anonymous_21)
FN:86,(anonymous_22)
FN:89,checkForWalletChanges
FN:91,(anonymous_24)
FN:126,(anonymous_25)
FN:131,(anonymous_26)
FNF:27
FNH:21
FNDA:57,(anonymous_0)
FNDA:8,(anonymous_1)
FNDA:0,(anonymous_2)
FNDA:3,(anonymous_3)
FNDA:0,(anonymous_4)
FNDA:4,(anonymous_5)
FNDA:12,(anonymous_6)
FNDA:8,adopt
FNDA:0,(anonymous_8)
FNDA:12,(anonymous_9)
FNDA:8,fulfilled
FNDA:0,rejected
FNDA:20,step
FNDA:2,networkToActiveChain
FNDA:2,(anonymous_14)
FNDA:7,SorobanReactProvider
FNDA:5,(anonymous_16)
FNDA:5,(anonymous_17)
FNDA:1,(anonymous_18)
FNDA:1,(anonymous_19)
FNDA:0,(anonymous_20)
FNDA:0,(anonymous_21)
FNDA:7,(anonymous_22)
FNDA:7,checkForWalletChanges
FNDA:7,(anonymous_24)
FNDA:7,(anonymous_25)
FNDA:7,(anonymous_26)
DA:2,2
DA:3,57
DA:4,57
DA:5,57
DA:6,57
DA:8,57
DA:10,0
DA:11,0
DA:13,2
DA:14,3
DA:16,0
DA:18,2
DA:19,4
DA:20,3
DA:21,57
DA:22,3
DA:23,3
DA:25,2
DA:26,8
DA:27,12
DA:28,8
DA:29,0
DA:30,20
DA:31,12
DA:34,2
DA:35,2
DA:36,2
DA:37,2
DA:38,2
DA:41,2
DA:42,2
DA:43,2
DA:51,2
DA:54,7
DA:55,7
DA:56,7
DA:60,5
DA:62,5
DA:63,5
DA:64,5
DA:65,4
DA:66,4
DA:68,1
DA:69,1
DA:70,1
DA:75,1
DA:76,1
DA:81,0
DA:82,0
DA:86,7
DA:87,7
DA:88,7
DA:91,7
DA:93,7
DA:97,6
DA:98,1
DA:99,1
DA:100,1
DA:101,1
DA:102,1
DA:103,0
DA:104,0
DA:105,0
DA:106,0
DA:108,1
DA:110,0
DA:111,0
DA:112,0
DA:113,0
DA:117,0
DA:120,1
DA:121,1
DA:125,7
DA:126,7
DA:127,7
DA:128,1
DA:131,7
DA:133,7
DA:134,1
DA:135,6
DA:136,1
DA:137,5
DA:139,5
DA:146,7
DA:148,2
LF:85
LH:70
BRDA:2,0,0,2
BRDA:2,0,1,2
BRDA:2,0,2,2
BRDA:2,1,0,2
BRDA:2,1,1,0
BRDA:3,2,0,57
BRDA:3,2,1,0
BRDA:5,3,0,57
BRDA:5,3,1,0
BRDA:5,4,0,57
BRDA:5,4,1,57
BRDA:5,5,0,0
BRDA:5,5,1,57
BRDA:5,6,0,57
BRDA:5,6,1,0
BRDA:10,7,0,0
BRDA:10,7,1,0
BRDA:13,8,0,2
BRDA:13,8,1,2
BRDA:13,8,2,2
BRDA:13,9,0,2
BRDA:13,9,1,0
BRDA:18,10,0,2
BRDA:18,10,1,2
BRDA:18,10,2,2
BRDA:19,11,0,1
BRDA:19,11,1,3
BRDA:19,12,0,4
BRDA:19,12,1,4
BRDA:21,13,0,3
BRDA:21,13,1,0
BRDA:21,14,0,57
BRDA:21,14,1,0
BRDA:21,15,0,57
BRDA:21,15,1,57
BRDA:25,16,0,2
BRDA:25,16,1,2
BRDA:25,16,2,2
BRDA:26,17,0,8
BRDA:26,17,1,0
BRDA:27,18,0,12
BRDA:27,18,1,12
BRDA:30,19,0,12
BRDA:30,19,1,8
BRDA:31,20,0,12
BRDA:31,20,1,12
BRDA:41,21,0,2
BRDA:41,21,1,2
BRDA:42,22,0,0
BRDA:42,22,1,2
BRDA:42,23,0,2
BRDA:42,23,1,2
BRDA:43,24,0,2
BRDA:43,24,1,2
BRDA:44,25,0,2
BRDA:44,25,1,0
BRDA:44,26,0,2
BRDA:44,26,1,2
BRDA:44,27,0,0
BRDA:44,27,1,2
BRDA:44,28,0,2
BRDA:44,28,1,2
BRDA:45,29,0,2
BRDA:45,29,1,0
BRDA:45,30,0,2
BRDA:45,30,1,2
BRDA:45,31,0,0
BRDA:45,31,1,2
BRDA:45,32,0,2
BRDA:45,32,1,2
BRDA:47,33,0,0
BRDA:47,33,1,2
BRDA:47,34,0,2
BRDA:47,34,1,2
BRDA:48,35,0,0
BRDA:48,35,1,2
BRDA:48,36,0,2
BRDA:48,36,1,2
BRDA:53,37,0,3
BRDA:54,38,0,6
BRDA:54,38,1,1
BRDA:60,39,0,3
BRDA:60,39,1,4
BRDA:63,40,0,0
BRDA:63,40,1,5
BRDA:63,41,0,5
BRDA:63,41,1,5
BRDA:64,42,0,4
BRDA:64,42,1,1
BRDA:64,43,0,0
BRDA:64,43,1,1
BRDA:64,44,0,1
BRDA:64,44,1,1
BRDA:69,45,0,0
BRDA:69,45,1,1
BRDA:69,46,0,1
BRDA:69,46,1,1
BRDA:70,47,0,1
BRDA:70,47,1,1
BRDA:93,48,0,6
BRDA:93,48,1,1
BRDA:93,49,0,7
BRDA:93,49,1,6
BRDA:93,49,2,6
BRDA:93,49,3,1
BRDA:100,50,0,0
BRDA:100,50,1,1
BRDA:100,51,0,1
BRDA:100,51,1,1
BRDA:101,52,0,0
BRDA:101,52,1,1
BRDA:101,53,0,1
BRDA:101,53,1,1
BRDA:102,54,0,0
BRDA:102,54,1,1
BRDA:108,55,0,0
BRDA:108,55,1,1
BRDA:120,56,0,1
BRDA:120,56,1,0
BRDA:127,57,0,1
BRDA:127,57,1,6
BRDA:133,58,0,1
BRDA:133,58,1,6
BRDA:135,59,0,1
BRDA:135,59,1,5
BRDA:137,60,0,5
BRDA:137,60,1,0
BRDA:137,61,0,5
BRDA:137,61,1,2
BRF:129
BRH:102
end_of_record
TN:
SF:dist\getDefaultConnectors.js
FN:5,(anonymous_0)
FNF:1
FNH:1
FNDA:3,(anonymous_0)
DA:2,3
DA:3,3
DA:4,3
DA:5,3
DA:6,3
DA:7,3
DA:9,3
LF:7
LH:7
BRF:0
BRH:0
end_of_record
TN:
SF:dist\index.js
FN:2,(anonymous_0)
FN:6,(anonymous_1)
FN:9,(anonymous_2)
FN:13,(anonymous_3)
FNF:4
FNH:3
FNDA:10,(anonymous_0)
FNDA:18,(anonymous_1)
FNDA:0,(anonymous_2)
FNDA:8,(anonymous_3)
DA:2,2
DA:3,10
DA:4,10
DA:5,10
DA:6,18
DA:8,10
DA:10,0
DA:11,0
DA:13,2
DA:14,10
DA:16,2
DA:17,2
DA:18,2
DA:19,2
DA:20,2
LF:15
LH:13
BRDA:2,0,0,2
BRDA:2,0,1,2
BRDA:2,0,2,2
BRDA:2,1,0,2
BRDA:2,1,1,0
BRDA:3,2,0,10
BRDA:3,2,1,0
BRDA:5,3,0,10
BRDA:5,3,1,0
BRDA:5,4,0,10
BRDA:5,4,1,10
BRDA:5,5,0,0
BRDA:5,5,1,10
BRDA:5,6,0,10
BRDA:5,6,1,0
BRDA:10,7,0,0
BRDA:10,7,1,0
BRDA:13,8,0,2
BRDA:13,8,1,2
BRDA:13,8,2,2
BRDA:14,9,0,10
BRDA:14,9,1,0
BRDA:14,10,0,10
BRDA:14,10,1,10
BRF:24
BRH:16
end_of_record
TN:
SF:dist\useSorobanReact.js
FN:6,useSorobanReact
FNF:1
FNH:1
FNDA:3,useSorobanReact
DA:2,3
DA:3,3
DA:4,3
DA:5,3
DA:7,3
DA:8,3
DA:9,2
DA:10,1
DA:12,3
LF:9
LH:9
BRDA:8,0,0,2
BRDA:8,0,1,1
BRF:2
BRH:2
end_of_record
